# JRE version: OpenJDK Runtime Environment (7.0_85-b01) (build 1.7.0_85-b01)
# Java VM: OpenJDK Server VM (24.85-b03 mixed mode linux-x86 )
Heap
 PSYoungGen      total 268544K, used 17931K [0x9dd80000, 0xafe00000, 0xb3300000)
  eden space 248064K, 0% used [0x9dd80000,0x9dd80000,0xacfc0000)
  from space 20480K, 87% used [0xacfc0000,0xae142fd0,0xae3c0000)
  to   space 14080K, 0% used [0xae3c0000,0xae3c0000,0xaf180000)
 ParOldGen       total 71680K, used 42242K [0x73300000, 0x77900000, 0x9dd80000)
  object space 71680K, 58% used [0x73300000,0x75c409a8,0x77900000)
 PSPermGen       total 70912K, used 33644K [0x63300000, 0x67840000, 0x73300000)
  object space 70912K, 47% used [0x63300000,0x653db338,0x67840000)
GC Heap History (10 events):
Event: 16.270 GC heap after
Heap after GC invocations=12 (full 0):
 PSYoungGen      total 167424K, used 4563K [0x9dd80000, 0xa89c0000, 0xb3300000)
  eden space 158976K, 0% used [0x9dd80000,0x9dd80000,0xa78c0000)
  from space 8448K, 54% used [0xa8180000,0xa85f4c80,0xa89c0000)
  to   space 8704K, 0% used [0xa78c0000,0xa78c0000,0xa8140000)
 ParOldGen       total 41472K, used 19499K [0x73300000, 0x75b80000, 0x9dd80000)
  object space 41472K, 47% used [0x73300000,0x7460af18,0x75b80000)
 PSPermGen       total 20736K, used 20590K [0x63300000, 0x64740000, 0x73300000)
  object space 20736K, 99% used [0x63300000,0x6471b8e8,0x64740000)
}
Event: 95.787 GC heap before
{Heap before GC invocations=13 (full 0):
 PSYoungGen      total 167424K, used 163539K [0x9dd80000, 0xa89c0000, 0xb3300000)
  eden space 158976K, 100% used [0x9dd80000,0xa78c0000,0xa78c0000)
  from space 8448K, 54% used [0xa8180000,0xa85f4c80,0xa89c0000)
  to   space 8704K, 0% used [0xa78c0000,0xa78c0000,0xa8140000)
 ParOldGen       total 41472K, used 19499K [0x73300000, 0x75b80000, 0x9dd80000)
  object space 41472K, 47% used [0x73300000,0x7460af18,0x75b80000)
 PSPermGen       total 28160K, used 27999K [0x63300000, 0x64e80000, 0x73300000)
  object space 28160K, 99% used [0x63300000,0x64e57e58,0x64e80000)
Event: 95.872 GC heap after
Heap after GC invocations=13 (full 0):
 PSYoungGen      total 167680K, used 8691K [0x9dd80000, 0xaf180000, 0xb3300000)
  eden space 158976K, 0% used [0x9dd80000,0x9dd80000,0xa78c0000)
  from space 8704K, 99% used [0xa78c0000,0xa813cd80,0xa8140000)
  to   space 14080K, 0% used [0xae3c0000,0xae3c0000,0xaf180000)
 ParOldGen       total 41472K, used 31146K [0x73300000, 0x75b80000, 0x9dd80000)
  object space 41472K, 75% used [0x73300000,0x7516a938,0x75b80000)
 PSPermGen       total 28160K, used 27999K [0x63300000, 0x64e80000, 0x73300000)
  object space 28160K, 99% used [0x63300000,0x64e57e58,0x64e80000)
}
Event: 100.539 GC heap before
{Heap before GC invocations=14 (full 0):
 PSYoungGen      total 167680K, used 164082K [0x9dd80000, 0xaf180000, 0xb3300000)
  eden space 158976K, 97% used [0x9dd80000,0xa753fd30,0xa78c0000)
  from space 8704K, 99% used [0xa78c0000,0xa813cd80,0xa8140000)
  to   space 14080K, 0% used [0xae3c0000,0xae3c0000,0xaf180000)
 ParOldGen       total 41472K, used 31146K [0x73300000, 0x75b80000, 0x9dd80000)
  object space 41472K, 75% used [0x73300000,0x7516a938,0x75b80000)
 PSPermGen       total 31232K, used 31173K [0x63300000, 0x65180000, 0x73300000)
  object space 31232K, 99% used [0x63300000,0x65171410,0x65180000)
Event: 100.590 GC heap after
Heap after GC invocations=14 (full 0):
 PSYoungGen      total 262144K, used 14065K [0x9dd80000, 0xafe00000, 0xb3300000)
  eden space 248064K, 0% used [0x9dd80000,0x9dd80000,0xacfc0000)
  from space 14080K, 99% used [0xae3c0000,0xaf17c760,0xaf180000)
  to   space 20480K, 0% used [0xacfc0000,0xacfc0000,0xae3c0000)
 ParOldGen       total 42240K, used 42177K [0x73300000, 0x75c40000, 0x9dd80000)
  object space 42240K, 99% used [0x73300000,0x75c30518,0x75c40000)
 PSPermGen       total 31232K, used 31173K [0x63300000, 0x65180000, 0x73300000)
  object space 31232K, 99% used [0x63300000,0x65171410,0x65180000)
}
Event: 100.590 GC heap before
{Heap before GC invocations=15 (full 1):
 PSYoungGen      total 262144K, used 14065K [0x9dd80000, 0xafe00000, 0xb3300000)
  eden space 248064K, 0% used [0x9dd80000,0x9dd80000,0xacfc0000)
  from space 14080K, 99% used [0xae3c0000,0xaf17c760,0xaf180000)
  to   space 20480K, 0% used [0xacfc0000,0xacfc0000,0xae3c0000)
 ParOldGen       total 42240K, used 42177K [0x73300000, 0x75c40000, 0x9dd80000)
  object space 42240K, 99% used [0x73300000,0x75c30518,0x75c40000)
 PSPermGen       total 31232K, used 31173K [0x63300000, 0x65180000, 0x73300000)
  object space 31232K, 99% used [0x63300000,0x65171410,0x65180000)
Event: 100.942 GC heap after
Heap after GC invocations=15 (full 1):
 PSYoungGen      total 262144K, used 0K [0x9dd80000, 0xafe00000, 0xb3300000)
  eden space 248064K, 0% used [0x9dd80000,0x9dd80000,0xacfc0000)
  from space 14080K, 0% used [0xae3c0000,0xae3c0000,0xaf180000)
  to   space 20480K, 0% used [0xacfc0000,0xacfc0000,0xae3c0000)
 ParOldGen       total 42240K, used 38423K [0x73300000, 0x75c40000, 0x9dd80000)
  object space 42240K, 90% used [0x73300000,0x75885c10,0x75c40000)
 PSPermGen       total 62464K, used 31102K [0x63300000, 0x67000000, 0x73300000)
  object space 62464K, 49% used [0x63300000,0x6515fa60,0x67000000)
}
Event: 193.843 GC heap before
{Heap before GC invocations=16 (full 2):
 PSYoungGen      total 262144K, used 248064K [0x9dd80000, 0xafe00000, 0xb3300000)
  eden space 248064K, 100% used [0x9dd80000,0xacfc0000,0xacfc0000)
  from space 14080K, 0% used [0xae3c0000,0xae3c0000,0xaf180000)
  to   space 20480K, 0% used [0xacfc0000,0xacfc0000,0xae3c0000)
 ParOldGen       total 42240K, used 38423K [0x73300000, 0x75c40000, 0x9dd80000)
  object space 42240K, 90% used [0x73300000,0x75885c10,0x75c40000)
 PSPermGen       total 62464K, used 31894K [0x63300000, 0x67000000, 0x73300000)
  object space 62464K, 51% used [0x63300000,0x652258b0,0x67000000)
Event: 194.146 GC heap after
Heap after GC invocations=16 (full 2):
 PSYoungGen      total 262144K, used 2779K [0x9dd80000, 0xafe00000, 0xb3300000)
  eden space 248064K, 1% used [0x9dd80000,0x9e036dd8,0xacfc0000)
  from space 14080K, 0% used [0xae3c0000,0xae3c0000,0xaf180000)
  to   space 20480K, 0% used [0xacfc0000,0xacfc0000,0xae3c0000)
 ParOldGen       total 71680K, used 42238K [0x73300000, 0x77900000, 0x9dd80000)
  object space 71680K, 58% used [0x73300000,0x75c3f9a8,0x77900000)
 PSPermGen       total 70912K, used 31893K [0x63300000, 0x67840000, 0x73300000)
  object space 70912K, 44% used [0x63300000,0x65225560,0x67840000)
}
Event: 482.460 GC heap before
{Heap before GC invocations=17 (full 2):
 PSYoungGen      total 262144K, used 248064K [0x9dd80000, 0xafe00000, 0xb3300000)
  eden space 248064K, 100% used [0x9dd80000,0xacfc0000,0xacfc0000)
  from space 14080K, 0% used [0xae3c0000,0xae3c0000,0xaf180000)
  to   space 20480K, 0% used [0xacfc0000,0xacfc0000,0xae3c0000)
 ParOldGen       total 71680K, used 42238K [0x73300000, 0x77900000, 0x9dd80000)
  object space 71680K, 58% used [0x73300000,0x75c3f9a8,0x77900000)
 PSPermGen       total 70912K, used 33644K [0x63300000, 0x67840000, 0x73300000)
  object space 70912K, 47% used [0x63300000,0x653db338,0x67840000)

