# JRE version: OpenJDK Runtime Environment (7.0_85-b01) (build 1.7.0_85-b01)
# Java VM: OpenJDK Server VM (24.85-b03 mixed mode linux-x86 )
Heap
 PSYoungGen      total 40704K, used 7869K [0x9dd40000, 0xa2cc0000, 0xb32c0000)
  eden space 31232K, 0% used [0x9dd40000,0x9dd40000,0x9fbc0000)
  from space 9472K, 83% used [0xa2380000,0xa2b2f638,0xa2cc0000)
  to   space 2560K, 0% used [0x9fbc0000,0x9fbc0000,0x9fe40000)
 ParOldGen       total 41472K, used 11748K [0x732c0000, 0x75b40000, 0x9dd40000)
  object space 41472K, 28% used [0x732c0000,0x73e39338,0x75b40000)
 PSPermGen       total 16384K, used 4194K [0x6b2c0000, 0x6c2c0000, 0x732c0000)
  object space 16384K, 25% used [0x6b2c0000,0x6b6d8b38,0x6c2c0000)
GC Heap History (10 events):
Event: 1.355 GC heap after
Heap after GC invocations=1 (full 0):
 PSYoungGen      total 18176K, used 1194K [0x9dd40000, 0x9f180000, 0xb32c0000)
  eden space 15616K, 0% used [0x9dd40000,0x9dd40000,0x9ec80000)
  from space 2560K, 46% used [0x9ec80000,0x9edaabf0,0x9ef00000)
  to   space 2560K, 0% used [0x9ef00000,0x9ef00000,0x9f180000)
 ParOldGen       total 41472K, used 4K [0x732c0000, 0x75b40000, 0x9dd40000)
  object space 41472K, 0% used [0x732c0000,0x732c1000,0x75b40000)
 PSPermGen       total 16384K, used 2996K [0x6b2c0000, 0x6c2c0000, 0x732c0000)
  object space 16384K, 18% used [0x6b2c0000,0x6b5ad0c8,0x6c2c0000)
}
Event: 2.812 GC heap before
{Heap before GC invocations=2 (full 0):
 PSYoungGen      total 18176K, used 16810K [0x9dd40000, 0x9f180000, 0xb32c0000)
  eden space 15616K, 100% used [0x9dd40000,0x9ec80000,0x9ec80000)
  from space 2560K, 46% used [0x9ec80000,0x9edaabf0,0x9ef00000)
  to   space 2560K, 0% used [0x9ef00000,0x9ef00000,0x9f180000)
 ParOldGen       total 41472K, used 4K [0x732c0000, 0x75b40000, 0x9dd40000)
  object space 41472K, 0% used [0x732c0000,0x732c1000,0x75b40000)
 PSPermGen       total 16384K, used 4053K [0x6b2c0000, 0x6c2c0000, 0x732c0000)
  object space 16384K, 24% used [0x6b2c0000,0x6b6b57f0,0x6c2c0000)
Event: 2.844 GC heap after
Heap after GC invocations=2 (full 0):
 PSYoungGen      total 18176K, used 2552K [0x9dd40000, 0xa00c0000, 0xb32c0000)
  eden space 15616K, 0% used [0x9dd40000,0x9dd40000,0x9ec80000)
  from space 2560K, 99% used [0x9ef00000,0x9f17e080,0x9f180000)
  to   space 2560K, 0% used [0x9ec80000,0x9ec80000,0x9ef00000)
 ParOldGen       total 41472K, used 1560K [0x732c0000, 0x75b40000, 0x9dd40000)
  object space 41472K, 3% used [0x732c0000,0x73446000,0x75b40000)
 PSPermGen       total 16384K, used 4053K [0x6b2c0000, 0x6c2c0000, 0x732c0000)
  object space 16384K, 24% used [0x6b2c0000,0x6b6b57f0,0x6c2c0000)
}
Event: 4.511 GC heap before
{Heap before GC invocations=3 (full 0):
 PSYoungGen      total 18176K, used 18168K [0x9dd40000, 0xa00c0000, 0xb32c0000)
  eden space 15616K, 100% used [0x9dd40000,0x9ec80000,0x9ec80000)
  from space 2560K, 99% used [0x9ef00000,0x9f17e080,0x9f180000)
  to   space 2560K, 0% used [0x9ec80000,0x9ec80000,0x9ef00000)
 ParOldGen       total 41472K, used 1560K [0x732c0000, 0x75b40000, 0x9dd40000)
  object space 41472K, 3% used [0x732c0000,0x73446000,0x75b40000)
 PSPermGen       total 16384K, used 4129K [0x6b2c0000, 0x6c2c0000, 0x732c0000)
  object space 16384K, 25% used [0x6b2c0000,0x6b6c8620,0x6c2c0000)
Event: 4.530 GC heap after
Heap after GC invocations=3 (full 0):
 PSYoungGen      total 18176K, used 2553K [0x9dd40000, 0xa00c0000, 0xb32c0000)
  eden space 15616K, 0% used [0x9dd40000,0x9dd40000,0x9ec80000)
  from space 2560K, 99% used [0x9ec80000,0x9eefe468,0x9ef00000)
  to   space 2560K, 0% used [0x9fe40000,0x9fe40000,0xa00c0000)
 ParOldGen       total 41472K, used 3571K [0x732c0000, 0x75b40000, 0x9dd40000)
  object space 41472K, 8% used [0x732c0000,0x7363cdf8,0x75b40000)
 PSPermGen       total 16384K, used 4129K [0x6b2c0000, 0x6c2c0000, 0x732c0000)
  object space 16384K, 25% used [0x6b2c0000,0x6b6c8620,0x6c2c0000)
}
Event: 5.868 GC heap before
{Heap before GC invocations=4 (full 0):
 PSYoungGen      total 18176K, used 18169K [0x9dd40000, 0xa00c0000, 0xb32c0000)
  eden space 15616K, 100% used [0x9dd40000,0x9ec80000,0x9ec80000)
  from space 2560K, 99% used [0x9ec80000,0x9eefe468,0x9ef00000)
  to   space 2560K, 0% used [0x9fe40000,0x9fe40000,0xa00c0000)
 ParOldGen       total 41472K, used 3571K [0x732c0000, 0x75b40000, 0x9dd40000)
  object space 41472K, 8% used [0x732c0000,0x7363cdf8,0x75b40000)
 PSPermGen       total 16384K, used 4150K [0x6b2c0000, 0x6c2c0000, 0x732c0000)
  object space 16384K, 25% used [0x6b2c0000,0x6b6cda38,0x6c2c0000)
Event: 5.964 GC heap after
Heap after GC invocations=4 (full 0):
 PSYoungGen      total 33792K, used 2553K [0x9dd40000, 0xa00c0000, 0xb32c0000)
  eden space 31232K, 0% used [0x9dd40000,0x9dd40000,0x9fbc0000)
  from space 2560K, 99% used [0x9fe40000,0xa00be468,0xa00c0000)
  to   space 2560K, 0% used [0x9fbc0000,0x9fbc0000,0x9fe40000)
 ParOldGen       total 41472K, used 5866K [0x732c0000, 0x75b40000, 0x9dd40000)
  object space 41472K, 14% used [0x732c0000,0x7387abd0,0x75b40000)
 PSPermGen       total 16384K, used 4150K [0x6b2c0000, 0x6c2c0000, 0x732c0000)
  object space 16384K, 25% used [0x6b2c0000,0x6b6cda38,0x6c2c0000)
}
Event: 9.010 GC heap before
{Heap before GC invocations=5 (full 0):
 PSYoungGen      total 33792K, used 33785K [0x9dd40000, 0xa00c0000, 0xb32c0000)
  eden space 31232K, 100% used [0x9dd40000,0x9fbc0000,0x9fbc0000)
  from space 2560K, 99% used [0x9fe40000,0xa00be468,0xa00c0000)
  to   space 2560K, 0% used [0x9fbc0000,0x9fbc0000,0x9fe40000)
 ParOldGen       total 41472K, used 5866K [0x732c0000, 0x75b40000, 0x9dd40000)
  object space 41472K, 14% used [0x732c0000,0x7387abd0,0x75b40000)
 PSPermGen       total 16384K, used 4175K [0x6b2c0000, 0x6c2c0000, 0x732c0000)
  object space 16384K, 25% used [0x6b2c0000,0x6b6d3d00,0x6c2c0000)
Event: 9.643 GC heap after
Heap after GC invocations=5 (full 0):
 PSYoungGen      total 33792K, used 2552K [0x9dd40000, 0xa2cc0000, 0xb32c0000)
  eden space 31232K, 0% used [0x9dd40000,0x9dd40000,0x9fbc0000)
  from space 2560K, 99% used [0x9fbc0000,0x9fe3e198,0x9fe40000)
  to   space 9472K, 0% used [0xa2380000,0xa2380000,0xa2cc0000)
 ParOldGen       total 41472K, used 11748K [0x732c0000, 0x75b40000, 0x9dd40000)
  object space 41472K, 28% used [0x732c0000,0x73e39338,0x75b40000)
 PSPermGen       total 16384K, used 4175K [0x6b2c0000, 0x6c2c0000, 0x732c0000)
  object space 16384K, 25% used [0x6b2c0000,0x6b6d3d00,0x6c2c0000)
}
Event: 18.550 GC heap before
{Heap before GC invocations=6 (full 0):
 PSYoungGen      total 33792K, used 33784K [0x9dd40000, 0xa2cc0000, 0xb32c0000)
  eden space 31232K, 100% used [0x9dd40000,0x9fbc0000,0x9fbc0000)
  from space 2560K, 99% used [0x9fbc0000,0x9fe3e198,0x9fe40000)
  to   space 9472K, 0% used [0xa2380000,0xa2380000,0xa2cc0000)
 ParOldGen       total 41472K, used 11748K [0x732c0000, 0x75b40000, 0x9dd40000)
  object space 41472K, 28% used [0x732c0000,0x73e39338,0x75b40000)
 PSPermGen       total 16384K, used 4194K [0x6b2c0000, 0x6c2c0000, 0x732c0000)
  object space 16384K, 25% used [0x6b2c0000,0x6b6d8b38,0x6c2c0000)

