# JRE version: OpenJDK Runtime Environment (7.0_85-b01) (build 1.7.0_85-b01)
# Java VM: OpenJDK Server VM (24.85-b03 mixed mode linux-x86 )
Heap
 PSYoungGen      total 198400K, used 76027K [0x9dd80000, 0xaeb40000, 0xb3300000)
  eden space 122368K, 0% used [0x9dd80000,0x9dd80000,0xa5500000)
  from space 76032K, 99% used [0xa56c0000,0xaa0fef70,0xaa100000)
  to   space 63744K, 0% used [0xaad00000,0xaad00000,0xaeb40000)
 ParOldGen       total 207360K, used 157914K [0x73300000, 0x7fd80000, 0x9dd80000)
  object space 207360K, 76% used [0x73300000,0x7cd36a08,0x7fd80000)
 PSPermGen       total 16384K, used 4236K [0x6b300000, 0x6c300000, 0x73300000)
  object space 16384K, 25% used [0x6b300000,0x6b723008,0x6c300000)
GC Heap History (10 events):
Event: 14.989 GC heap after
Heap after GC invocations=8 (full 0):
 PSYoungGen      total 125952K, used 15616K [0x9dd80000, 0xa8c80000, 0xb3300000)
  eden space 110336K, 0% used [0x9dd80000,0x9dd80000,0xa4940000)
  from space 15616K, 100% used [0xa64c0000,0xa7400000,0xa7400000)
  to   space 28160K, 0% used [0xa4940000,0xa4940000,0xa64c0000)
 ParOldGen       total 41472K, used 39256K [0x73300000, 0x75b80000, 0x9dd80000)
  object space 41472K, 94% used [0x73300000,0x759560f8,0x75b80000)
 PSPermGen       total 16384K, used 4237K [0x6b300000, 0x6c300000, 0x73300000)
  object space 16384K, 25% used [0x6b300000,0x6b7236a8,0x6c300000)
}
Event: 14.989 GC heap before
{Heap before GC invocations=9 (full 1):
 PSYoungGen      total 125952K, used 15616K [0x9dd80000, 0xa8c80000, 0xb3300000)
  eden space 110336K, 0% used [0x9dd80000,0x9dd80000,0xa4940000)
  from space 15616K, 100% used [0xa64c0000,0xa7400000,0xa7400000)
  to   space 28160K, 0% used [0xa4940000,0xa4940000,0xa64c0000)
 ParOldGen       total 41472K, used 39256K [0x73300000, 0x75b80000, 0x9dd80000)
  object space 41472K, 94% used [0x73300000,0x759560f8,0x75b80000)
 PSPermGen       total 16384K, used 4237K [0x6b300000, 0x6c300000, 0x73300000)
  object space 16384K, 25% used [0x6b300000,0x6b7236a8,0x6c300000)
Event: 16.085 GC heap after
Heap after GC invocations=9 (full 1):
 PSYoungGen      total 125952K, used 9437K [0x9dd80000, 0xa8c80000, 0xb3300000)
  eden space 110336K, 0% used [0x9dd80000,0x9dd80000,0xa4940000)
  from space 15616K, 60% used [0xa64c0000,0xa6df76c8,0xa7400000)
  to   space 28160K, 0% used [0xa4940000,0xa4940000,0xa64c0000)
 ParOldGen       total 81408K, used 41345K [0x73300000, 0x78280000, 0x9dd80000)
  object space 81408K, 50% used [0x73300000,0x75b60420,0x78280000)
 PSPermGen       total 16384K, used 4235K [0x6b300000, 0x6c300000, 0x73300000)
  object space 16384K, 25% used [0x6b300000,0x6b722fe8,0x6c300000)
}
Event: 16.276 GC heap before
{Heap before GC invocations=10 (full 1):
 PSYoungGen      total 125952K, used 119773K [0x9dd80000, 0xa8c80000, 0xb3300000)
  eden space 110336K, 100% used [0x9dd80000,0xa4940000,0xa4940000)
  from space 15616K, 60% used [0xa64c0000,0xa6df76c8,0xa7400000)
  to   space 28160K, 0% used [0xa4940000,0xa4940000,0xa64c0000)
 ParOldGen       total 81408K, used 41345K [0x73300000, 0x78280000, 0x9dd80000)
  object space 81408K, 50% used [0x73300000,0x75b60420,0x78280000)
 PSPermGen       total 16384K, used 4236K [0x6b300000, 0x6c300000, 0x73300000)
  object space 16384K, 25% used [0x6b300000,0x6b723008,0x6c300000)
Event: 16.605 GC heap after
Heap after GC invocations=10 (full 1):
 PSYoungGen      total 138496K, used 28150K [0x9dd80000, 0xaec40000, 0xb3300000)
  eden space 110336K, 0% used [0x9dd80000,0x9dd80000,0xa4940000)
  from space 28160K, 99% used [0xa4940000,0xa64bdbe8,0xa64c0000)
  to   space 64768K, 0% used [0xaad00000,0xaad00000,0xaec40000)
 ParOldGen       total 118784K, used 118734K [0x73300000, 0x7a700000, 0x9dd80000)
  object space 118784K, 99% used [0x73300000,0x7a6f3be0,0x7a700000)
 PSPermGen       total 16384K, used 4236K [0x6b300000, 0x6c300000, 0x73300000)
  object space 16384K, 25% used [0x6b300000,0x6b723008,0x6c300000)
}
Event: 16.605 GC heap before
{Heap before GC invocations=11 (full 2):
 PSYoungGen      total 138496K, used 28150K [0x9dd80000, 0xaec40000, 0xb3300000)
  eden space 110336K, 0% used [0x9dd80000,0x9dd80000,0xa4940000)
  from space 28160K, 99% used [0xa4940000,0xa64bdbe8,0xa64c0000)
  to   space 64768K, 0% used [0xaad00000,0xaad00000,0xaec40000)
 ParOldGen       total 118784K, used 118734K [0x73300000, 0x7a700000, 0x9dd80000)
  object space 118784K, 99% used [0x73300000,0x7a6f3be0,0x7a700000)
 PSPermGen       total 16384K, used 4236K [0x6b300000, 0x6c300000, 0x73300000)
  object space 16384K, 25% used [0x6b300000,0x6b723008,0x6c300000)
Event: 18.562 GC heap after
Heap after GC invocations=11 (full 2):
 PSYoungGen      total 138496K, used 4784K [0x9dd80000, 0xaec40000, 0xb3300000)
  eden space 110336K, 0% used [0x9dd80000,0x9dd80000,0xa4940000)
  from space 28160K, 16% used [0xa4940000,0xa4dec3f0,0xa64c0000)
  to   space 64768K, 0% used [0xaad00000,0xaad00000,0xaec40000)
 ParOldGen       total 207360K, used 118616K [0x73300000, 0x7fd80000, 0x9dd80000)
  object space 207360K, 57% used [0x73300000,0x7a6d6258,0x7fd80000)
 PSPermGen       total 16384K, used 4236K [0x6b300000, 0x6c300000, 0x73300000)
  object space 16384K, 25% used [0x6b300000,0x6b723008,0x6c300000)
}
Event: 18.695 GC heap before
{Heap before GC invocations=12 (full 2):
 PSYoungGen      total 138496K, used 115120K [0x9dd80000, 0xaec40000, 0xb3300000)
  eden space 110336K, 100% used [0x9dd80000,0xa4940000,0xa4940000)
  from space 28160K, 16% used [0xa4940000,0xa4dec3f0,0xa64c0000)
  to   space 64768K, 0% used [0xaad00000,0xaad00000,0xaec40000)
 ParOldGen       total 207360K, used 118616K [0x73300000, 0x7fd80000, 0x9dd80000)
  object space 207360K, 57% used [0x73300000,0x7a6d6258,0x7fd80000)
 PSPermGen       total 16384K, used 4236K [0x6b300000, 0x6c300000, 0x73300000)
  object space 16384K, 25% used [0x6b300000,0x6b723008,0x6c300000)
Event: 18.942 GC heap after
Heap after GC invocations=12 (full 2):
 PSYoungGen      total 186112K, used 63616K [0x9dd80000, 0xaeb40000, 0xb3300000)
  eden space 122368K, 0% used [0x9dd80000,0x9dd80000,0xa5500000)
  from space 63744K, 99% used [0xaad00000,0xaeb20000,0xaeb40000)
  to   space 76032K, 0% used [0xa56c0000,0xa56c0000,0xaa100000)
 ParOldGen       total 207360K, used 118616K [0x73300000, 0x7fd80000, 0x9dd80000)
  object space 207360K, 57% used [0x73300000,0x7a6d6258,0x7fd80000)
 PSPermGen       total 16384K, used 4236K [0x6b300000, 0x6c300000, 0x73300000)
  object space 16384K, 25% used [0x6b300000,0x6b723008,0x6c300000)
}
Event: 19.956 GC heap before
{Heap before GC invocations=13 (full 2):
 PSYoungGen      total 186112K, used 185984K [0x9dd80000, 0xaeb40000, 0xb3300000)
  eden space 122368K, 100% used [0x9dd80000,0xa5500000,0xa5500000)
  from space 63744K, 99% used [0xaad00000,0xaeb20000,0xaeb40000)
  to   space 76032K, 0% used [0xa56c0000,0xa56c0000,0xaa100000)
 ParOldGen       total 207360K, used 118616K [0x73300000, 0x7fd80000, 0x9dd80000)
  object space 207360K, 57% used [0x73300000,0x7a6d6258,0x7fd80000)
 PSPermGen       total 16384K, used 4236K [0x6b300000, 0x6c300000, 0x73300000)
  object space 16384K, 25% used [0x6b300000,0x6b723008,0x6c300000)

