# JRE version: OpenJDK Runtime Environment (7.0_85-b01) (build 1.7.0_85-b01)
# Java VM: OpenJDK Server VM (24.85-b03 mixed mode linux-x86 )
Heap
 PSYoungGen      total 33792K, used 2548K [0x9dd80000, 0xa0100000, 0xb3300000)
  eden space 31232K, 0% used [0x9dd80000,0x9dd80000,0x9fc00000)
  from space 2560K, 99% used [0x9fc00000,0x9fe7d068,0x9fe80000)
  to   space 2560K, 0% used [0x9fe80000,0x9fe80000,0xa0100000)
 ParOldGen       total 41472K, used 26716K [0x73300000, 0x75b80000, 0x9dd80000)
  object space 41472K, 64% used [0x73300000,0x74d172f0,0x75b80000)
 PSPermGen       total 16384K, used 2877K [0x6b300000, 0x6c300000, 0x73300000)
  object space 16384K, 17% used [0x6b300000,0x6b5cf518,0x6c300000)
GC Heap History (5 events):
Event: 5.708 GC heap before
{Heap before GC invocations=1 (full 0):
 PSYoungGen      total 18176K, used 15547K [0x9dd80000, 0x9f1c0000, 0xb3300000)
  eden space 15616K, 99% used [0x9dd80000,0x9ecaec30,0x9ecc0000)
  from space 2560K, 0% used [0x9ef40000,0x9ef40000,0x9f1c0000)
  to   space 2560K, 0% used [0x9ecc0000,0x9ecc0000,0x9ef40000)
 ParOldGen       total 41472K, used 0K [0x73300000, 0x75b80000, 0x9dd80000)
  object space 41472K, 0% used [0x73300000,0x73300000,0x75b80000)
 PSPermGen       total 16384K, used 2686K [0x6b300000, 0x6c300000, 0x73300000)
  object space 16384K, 16% used [0x6b300000,0x6b59fbe0,0x6c300000)
Event: 5.945 GC heap after
Heap after GC invocations=1 (full 0):
 PSYoungGen      total 18176K, used 2559K [0x9dd80000, 0xa0100000, 0xb3300000)
  eden space 15616K, 0% used [0x9dd80000,0x9dd80000,0x9ecc0000)
  from space 2560K, 99% used [0x9ecc0000,0x9ef3fdd8,0x9ef40000)
  to   space 2560K, 0% used [0x9fe80000,0x9fe80000,0xa0100000)
 ParOldGen       total 41472K, used 1820K [0x73300000, 0x75b80000, 0x9dd80000)
  object space 41472K, 4% used [0x73300000,0x734c7310,0x75b80000)
 PSPermGen       total 16384K, used 2686K [0x6b300000, 0x6c300000, 0x73300000)
  object space 16384K, 16% used [0x6b300000,0x6b59fbe0,0x6c300000)
}
Event: 10.241 GC heap before
{Heap before GC invocations=2 (full 0):
 PSYoungGen      total 18176K, used 18027K [0x9dd80000, 0xa0100000, 0xb3300000)
  eden space 15616K, 99% used [0x9dd80000,0x9ec9ae28,0x9ecc0000)
  from space 2560K, 99% used [0x9ecc0000,0x9ef3fdd8,0x9ef40000)
  to   space 2560K, 0% used [0x9fe80000,0x9fe80000,0xa0100000)
 ParOldGen       total 41472K, used 1820K [0x73300000, 0x75b80000, 0x9dd80000)
  object space 41472K, 4% used [0x73300000,0x734c7310,0x75b80000)
 PSPermGen       total 16384K, used 2687K [0x6b300000, 0x6c300000, 0x73300000)
  object space 16384K, 16% used [0x6b300000,0x6b59ff30,0x6c300000)
Event: 10.878 GC heap after
Heap after GC invocations=2 (full 0):
 PSYoungGen      total 33792K, used 2549K [0x9dd80000, 0xa0100000, 0xb3300000)
  eden space 31232K, 0% used [0x9dd80000,0x9dd80000,0x9fc00000)
  from space 2560K, 99% used [0x9fe80000,0xa00fd540,0xa0100000)
  to   space 2560K, 0% used [0x9fc00000,0x9fc00000,0x9fe80000)
 ParOldGen       total 41472K, used 5729K [0x73300000, 0x75b80000, 0x9dd80000)
  object space 41472K, 13% used [0x73300000,0x73898780,0x75b80000)
 PSPermGen       total 16384K, used 2687K [0x6b300000, 0x6c300000, 0x73300000)
  object space 16384K, 16% used [0x6b300000,0x6b59ff30,0x6c300000)
}
Event: 13.647 GC heap before
{Heap before GC invocations=3 (full 0):
 PSYoungGen      total 33792K, used 33781K [0x9dd80000, 0xa0100000, 0xb3300000)
  eden space 31232K, 100% used [0x9dd80000,0x9fc00000,0x9fc00000)
  from space 2560K, 99% used [0x9fe80000,0xa00fd540,0xa0100000)
  to   space 2560K, 0% used [0x9fc00000,0x9fc00000,0x9fe80000)
 ParOldGen       total 41472K, used 5729K [0x73300000, 0x75b80000, 0x9dd80000)
  object space 41472K, 13% used [0x73300000,0x73898780,0x75b80000)
 PSPermGen       total 16384K, used 2877K [0x6b300000, 0x6c300000, 0x73300000)
  object space 16384K, 17% used [0x6b300000,0x6b5cf518,0x6c300000)

